[0501/200736.807:INFO:CONSOLE(0)] "Error with Permissions-Policy header: Feature xr-spatial-tracking's parameters are ignored.", source:  (0)
[0501/200736.807:INFO:CONSOLE(0)] "Error with Permissions-Policy header: Origin trial controlled feature not enabled: 'attribution-reporting'.", source:  (0)
[0501/200736.807:INFO:CONSOLE(0)] "Error with Permissions-Policy header: Unrecognized feature: 'compute-pressure'.", source:  (0)
[0501/200736.808:INFO:CONSOLE(0)] "Error with Permissions-Policy header: Origin trial controlled feature not enabled: 'interest-cohort'.", source:  (0)
[0501/200736.808:INFO:CONSOLE(0)] "Error with Permissions-Policy header: Unrecognized feature: 'private-state-token-issuance'.", source:  (0)
[0501/200736.808:INFO:CONSOLE(0)] "Error with Permissions-Policy header: Origin trial controlled feature not enabled: 'shared-storage'.", source:  (0)
[0501/200736.808:INFO:CONSOLE(0)] "Error with Permissions-Policy header: Unrecognized feature: 'shared-storage-select-url'.", source:  (0)
[0501/200736.808:INFO:CONSOLE(0)] "Error with Permissions-Policy header: Unrecognized feature: 'private-state-token-redemption'.", source:  (0)
[0501/200736.808:INFO:CONSOLE(0)] "Error with Permissions-Policy header: Unrecognized feature: 'unload'.", source:  (0)
[0501/200736.809:INFO:CONSOLE(0)] "Error with Permissions-Policy header: Unrecognized feature: 'window-management'.", source:  (0)
[0501/200748.339:INFO:CONSOLE(157)] "Event handler of 'x-storagemutated-1' event must be added on the initial evaluation of worker script.", source: https://static.whatsapp.net/rsrc.php/v4/yL/r/yaY-dzWwwdL.js (157)
[0501/200838.495:INFO:CONSOLE(157)] "Event handler of 'x-storagemutated-1' event must be added on the initial evaluation of worker script.", source: https://static.whatsapp.net/rsrc.php/v4/yL/r/yaY-dzWwwdL.js (157)
[0501/200901.614:INFO:CONSOLE(280)] "Uncaught (in promise) Error: MsgKey error: me is undefined. Running tests? Call setupGlobalsForTests first.", source: https://static.whatsapp.net/rsrc.php/v4/yR/r/zW1Xx6aJ0E6.js (280)
[0501/200901.617:INFO:CONSOLE(280)] "Uncaught (in promise) Error: MsgKey error: me is undefined. Running tests? Call setupGlobalsForTests first.", source: https://static.whatsapp.net/rsrc.php/v4/yR/r/zW1Xx6aJ0E6.js (280)
[0501/200902.967:INFO:CONSOLE(280)] "Uncaught (in promise) #<a>", source: https://static.whatsapp.net/rsrc.php/v4/yR/r/zW1Xx6aJ0E6.js (280)
[0501/200902.968:INFO:CONSOLE(280)] "Uncaught (in promise) #<a>", source: https://static.whatsapp.net/rsrc.php/v4/yR/r/zW1Xx6aJ0E6.js (280)
[0501/200903.009:INFO:CONSOLE(89)] "Uncaught (in promise) #<a>", source: https://static.whatsapp.net/rsrc.php/v4/yM/r/a-jPAMMhWLt.js (89)
[0501/200903.010:INFO:CONSOLE(280)] "Uncaught (in promise) #<a>", source: https://static.whatsapp.net/rsrc.php/v4/yR/r/zW1Xx6aJ0E6.js (280)
[0501/200903.011:INFO:CONSOLE(280)] "Uncaught (in promise) #<a>", source: https://static.whatsapp.net/rsrc.php/v4/yR/r/zW1Xx6aJ0E6.js (280)
[0501/200903.012:INFO:CONSOLE(280)] "Uncaught (in promise) #<a>", source: https://static.whatsapp.net/rsrc.php/v4/yR/r/zW1Xx6aJ0E6.js (280)
[0501/200903.013:INFO:CONSOLE(280)] "Uncaught (in promise) #<a>", source: https://static.whatsapp.net/rsrc.php/v4/yR/r/zW1Xx6aJ0E6.js (280)
[0501/200903.087:INFO:CONSOLE(89)] "Uncaught (in promise) #<a>", source: https://static.whatsapp.net/rsrc.php/v4/yM/r/a-jPAMMhWLt.js (89)
[0501/200903.697:WARNING:spdy_session.cc(3234)] Received RST for invalid stream7
[0501/200903.697:WARNING:spdy_session.cc(3234)] Received RST for invalid stream11
[0501/200903.698:WARNING:spdy_session.cc(3234)] Received RST for invalid stream13
[0501/200903.699:WARNING:spdy_session.cc(3234)] Received RST for invalid stream9
[0501/200903.742:INFO:CONSOLE(0)] "Error with Permissions-Policy header: Feature xr-spatial-tracking's parameters are ignored.", source:  (0)
[0501/200903.742:INFO:CONSOLE(0)] "Error with Permissions-Policy header: Origin trial controlled feature not enabled: 'attribution-reporting'.", source:  (0)
[0501/200903.742:INFO:CONSOLE(0)] "Error with Permissions-Policy header: Unrecognized feature: 'compute-pressure'.", source:  (0)
[0501/200903.742:INFO:CONSOLE(0)] "Error with Permissions-Policy header: Origin trial controlled feature not enabled: 'interest-cohort'.", source:  (0)
[0501/200903.743:INFO:CONSOLE(0)] "Error with Permissions-Policy header: Unrecognized feature: 'private-state-token-issuance'.", source:  (0)
[0501/200903.743:INFO:CONSOLE(0)] "Error with Permissions-Policy header: Origin trial controlled feature not enabled: 'shared-storage'.", source:  (0)
[0501/200903.743:INFO:CONSOLE(0)] "Error with Permissions-Policy header: Unrecognized feature: 'shared-storage-select-url'.", source:  (0)
[0501/200903.743:INFO:CONSOLE(0)] "Error with Permissions-Policy header: Unrecognized feature: 'private-state-token-redemption'.", source:  (0)
[0501/200903.743:INFO:CONSOLE(0)] "Error with Permissions-Policy header: Unrecognized feature: 'unload'.", source:  (0)
[0501/200903.743:INFO:CONSOLE(0)] "Error with Permissions-Policy header: Unrecognized feature: 'window-management'.", source:  (0)
[0501/200906.353:ERROR:entry_impl.cc(1072)] No file for 8000000b
[0501/200906.361:ERROR:entry_impl.cc(1072)] No file for 8000000c
[0501/200906.370:ERROR:entry_impl.cc(1072)] No file for 80000012
[0501/200906.371:ERROR:entry_impl.cc(1072)] No file for 80000015
[0501/200906.371:ERROR:entry_impl.cc(1072)] No file for 80000014
[0501/200906.372:ERROR:entry_impl.cc(1072)] No file for 8000000f
[0501/200906.373:ERROR:entry_impl.cc(1072)] No file for 80000013
[0501/200906.373:ERROR:entry_impl.cc(1072)] No file for 80000011
[0501/200906.374:ERROR:entry_impl.cc(1072)] No file for 80000010
[0501/200906.739:ERROR:entry_impl.cc(1072)] No file for 8000000e
[0501/200906.772:ERROR:entry_impl.cc(1072)] No file for 8000000d
[0501/200907.449:ERROR:backend_impl.cc(754)] Unable to create file: -4
[0501/200907.450:ERROR:entry_impl.cc(995)] Failed to save user data
[0501/200907.536:ERROR:backend_impl.cc(754)] Unable to create file: -4
[0501/200907.537:ERROR:entry_impl.cc(995)] Failed to save user data
